<?xml version="1.0" encoding="UTF-8"?>
<trace:TraceModel xmi:version="2.0" xmlns:xmi="http://www.omg.org/XMI" xmlns:trace="http://www.eclipse.org/gmf/2006/Trace">
  <nodeTraces visualID="2001" queryText="(let _eClass_:ecore::EClass = modelFacet.metaClass.ecoreClass in _eClass_.ePackage.nsURI = 'http://sca.jpeojtrs.mil/dcd' and _eClass_.name = 'DcdPartitioning') and (let _containmentMF_:ecore::EStructuralFeature = modelFacet.containmentMetaFeature.ecoreFeature in (let _eClass_:ecore::EClass = _containmentMF_.eContainingClass in _eClass_.ePackage.nsURI = 'http://sca.jpeojtrs.mil/dcd' and _eClass_.name = 'DeviceConfiguration') and _containmentMF_.name = 'partitioning')">
    <nodeLabelTraces visualID="5006" queryText="true"/>
    <compartmentTraces visualID="7001" queryText="true"/>
  </nodeTraces>
  <childNodeTraces visualID="3001" queryText="(let _eClass_:ecore::EClass = modelFacet.metaClass.ecoreClass in _eClass_.ePackage.nsURI = 'http://sca.jpeojtrs.mil/dcd' and _eClass_.name = 'DcdComponentPlacement') and (let _containmentMF_:ecore::EStructuralFeature = modelFacet.containmentMetaFeature.ecoreFeature in (let _eClass_:ecore::EClass = _containmentMF_.eContainingClass in _eClass_.ePackage.nsURI = 'http://sca.jpeojtrs.mil/partitioning' and _eClass_.name = 'Partitioning') and _containmentMF_.name = 'componentPlacement')">
    <nodeLabelTraces visualID="5005" queryText="true"/>
    <compartmentTraces visualID="7002" queryText="true"/>
  </childNodeTraces>
  <childNodeTraces visualID="3002" queryText="(let _eClass_:ecore::EClass = modelFacet.metaClass.ecoreClass in _eClass_.ePackage.nsURI = 'http://sca.jpeojtrs.mil/dcd' and _eClass_.name = 'DcdComponentInstantiation') and (let _containmentMF_:ecore::EStructuralFeature = modelFacet.containmentMetaFeature.ecoreFeature in (let _eClass_:ecore::EClass = _containmentMF_.eContainingClass in _eClass_.ePackage.nsURI = 'http://sca.jpeojtrs.mil/partitioning' and _eClass_.name = 'ComponentPlacement') and _containmentMF_.name = 'componentInstantiation')">
    <nodeLabelTraces visualID="5004" queryText="true"/>
  </childNodeTraces>
  <childNodeTraces visualID="3003" queryText="(let _eClass_:ecore::EClass = modelFacet.metaClass.ecoreClass in _eClass_.ePackage.nsURI = 'http://sca.jpeojtrs.mil/partitioning' and _eClass_.name = 'UsesPortStub') and (let _containmentMF_:ecore::EStructuralFeature = modelFacet.containmentMetaFeature.ecoreFeature in (let _eClass_:ecore::EClass = _containmentMF_.eContainingClass in _eClass_.ePackage.nsURI = 'http://sca.jpeojtrs.mil/partitioning' and _eClass_.name = 'ComponentInstantiation') and _containmentMF_.name = 'uses')">
    <nodeLabelTraces visualID="5001" queryText="true"/>
  </childNodeTraces>
  <childNodeTraces visualID="3004" queryText="(let _eClass_:ecore::EClass = modelFacet.metaClass.ecoreClass in _eClass_.ePackage.nsURI = 'http://sca.jpeojtrs.mil/partitioning' and _eClass_.name = 'ProvidesPortStub') and (let _containmentMF_:ecore::EStructuralFeature = modelFacet.containmentMetaFeature.ecoreFeature in (let _eClass_:ecore::EClass = _containmentMF_.eContainingClass in _eClass_.ePackage.nsURI = 'http://sca.jpeojtrs.mil/partitioning' and _eClass_.name = 'ComponentInstantiation') and _containmentMF_.name = 'provides')">
    <nodeLabelTraces visualID="5002" queryText="true"/>
  </childNodeTraces>
  <childNodeTraces visualID="3005" queryText="(let _eClass_:ecore::EClass = modelFacet.metaClass.ecoreClass in _eClass_.ePackage.nsURI = 'http://sca.jpeojtrs.mil/partitioning' and _eClass_.name = 'ComponentSupportedInterfaceStub') and (let _containmentMF_:ecore::EStructuralFeature = modelFacet.containmentMetaFeature.ecoreFeature in (let _eClass_:ecore::EClass = _containmentMF_.eContainingClass in _eClass_.ePackage.nsURI = 'http://sca.jpeojtrs.mil/partitioning' and _eClass_.name = 'ComponentInstantiation') and _containmentMF_.name = 'interfaceStub')"/>
  <linkTraces visualID="4001" queryText="modelFacet.oclIsKindOf(gmfgen::TypeLinkModelFacet) and (let _eClass_:ecore::EClass = modelFacet.oclAsType(gmfgen::TypeLinkModelFacet).metaClass.ecoreClass in _eClass_.ePackage.nsURI = 'http://sca.jpeojtrs.mil/dcd' and _eClass_.name = 'DcdConnectInterface')"/>
</trace:TraceModel>
